ARM GAS  /tmp/ccXK6Eho.s 			page 1


   1              		.cpu cortex-m4
   2              		.eabi_attribute 27, 1
   3              		.eabi_attribute 28, 1
   4              		.eabi_attribute 20, 1
   5              		.eabi_attribute 21, 1
   6              		.eabi_attribute 23, 3
   7              		.eabi_attribute 24, 1
   8              		.eabi_attribute 25, 1
   9              		.eabi_attribute 26, 1
  10              		.eabi_attribute 30, 1
  11              		.eabi_attribute 34, 1
  12              		.eabi_attribute 18, 4
  13              		.file	"stm32l4xx_hal_msp.c"
  14              		.text
  15              	.Ltext0:
  16              		.cfi_sections	.debug_frame
  17              		.section	.text.HAL_MspInit,"ax",%progbits
  18              		.align	1
  19              		.global	HAL_MspInit
  20              		.arch armv7e-m
  21              		.syntax unified
  22              		.thumb
  23              		.thumb_func
  24              		.fpu fpv4-sp-d16
  26              	HAL_MspInit:
  27              	.LFB286:
  28              		.file 1 "Src/stm32l4xx_hal_msp.c"
   1:Src/stm32l4xx_hal_msp.c **** /* USER CODE BEGIN Header */
   2:Src/stm32l4xx_hal_msp.c **** /**
   3:Src/stm32l4xx_hal_msp.c ****   ******************************************************************************
   4:Src/stm32l4xx_hal_msp.c ****   * File Name          : stm32l4xx_hal_msp.c
   5:Src/stm32l4xx_hal_msp.c ****   * Description        : This file provides code for the MSP Initialization 
   6:Src/stm32l4xx_hal_msp.c ****   *                      and de-Initialization codes.
   7:Src/stm32l4xx_hal_msp.c ****   ******************************************************************************
   8:Src/stm32l4xx_hal_msp.c ****   * @attention
   9:Src/stm32l4xx_hal_msp.c ****   *
  10:Src/stm32l4xx_hal_msp.c ****   * <h2><center>&copy; Copyright (c) 2021 STMicroelectronics.
  11:Src/stm32l4xx_hal_msp.c ****   * All rights reserved.</center></h2>
  12:Src/stm32l4xx_hal_msp.c ****   *
  13:Src/stm32l4xx_hal_msp.c ****   * This software component is licensed by ST under BSD 3-Clause license,
  14:Src/stm32l4xx_hal_msp.c ****   * the "License"; You may not use this file except in compliance with the
  15:Src/stm32l4xx_hal_msp.c ****   * License. You may obtain a copy of the License at:
  16:Src/stm32l4xx_hal_msp.c ****   *                        opensource.org/licenses/BSD-3-Clause
  17:Src/stm32l4xx_hal_msp.c ****   *
  18:Src/stm32l4xx_hal_msp.c ****   ******************************************************************************
  19:Src/stm32l4xx_hal_msp.c ****   */
  20:Src/stm32l4xx_hal_msp.c **** /* USER CODE END Header */
  21:Src/stm32l4xx_hal_msp.c **** 
  22:Src/stm32l4xx_hal_msp.c **** /* Includes ------------------------------------------------------------------*/
  23:Src/stm32l4xx_hal_msp.c **** #include "main.h"
  24:Src/stm32l4xx_hal_msp.c **** /* USER CODE BEGIN Includes */
  25:Src/stm32l4xx_hal_msp.c **** 
  26:Src/stm32l4xx_hal_msp.c **** /* USER CODE END Includes */
  27:Src/stm32l4xx_hal_msp.c **** 
  28:Src/stm32l4xx_hal_msp.c **** /* Private typedef -----------------------------------------------------------*/
  29:Src/stm32l4xx_hal_msp.c **** /* USER CODE BEGIN TD */
  30:Src/stm32l4xx_hal_msp.c **** 
ARM GAS  /tmp/ccXK6Eho.s 			page 2


  31:Src/stm32l4xx_hal_msp.c **** /* USER CODE END TD */
  32:Src/stm32l4xx_hal_msp.c **** 
  33:Src/stm32l4xx_hal_msp.c **** /* Private define ------------------------------------------------------------*/
  34:Src/stm32l4xx_hal_msp.c **** /* USER CODE BEGIN Define */
  35:Src/stm32l4xx_hal_msp.c ****  
  36:Src/stm32l4xx_hal_msp.c **** /* USER CODE END Define */
  37:Src/stm32l4xx_hal_msp.c **** 
  38:Src/stm32l4xx_hal_msp.c **** /* Private macro -------------------------------------------------------------*/
  39:Src/stm32l4xx_hal_msp.c **** /* USER CODE BEGIN Macro */
  40:Src/stm32l4xx_hal_msp.c **** 
  41:Src/stm32l4xx_hal_msp.c **** /* USER CODE END Macro */
  42:Src/stm32l4xx_hal_msp.c **** 
  43:Src/stm32l4xx_hal_msp.c **** /* Private variables ---------------------------------------------------------*/
  44:Src/stm32l4xx_hal_msp.c **** /* USER CODE BEGIN PV */
  45:Src/stm32l4xx_hal_msp.c **** 
  46:Src/stm32l4xx_hal_msp.c **** /* USER CODE END PV */
  47:Src/stm32l4xx_hal_msp.c **** 
  48:Src/stm32l4xx_hal_msp.c **** /* Private function prototypes -----------------------------------------------*/
  49:Src/stm32l4xx_hal_msp.c **** /* USER CODE BEGIN PFP */
  50:Src/stm32l4xx_hal_msp.c **** 
  51:Src/stm32l4xx_hal_msp.c **** /* USER CODE END PFP */
  52:Src/stm32l4xx_hal_msp.c **** 
  53:Src/stm32l4xx_hal_msp.c **** /* External functions --------------------------------------------------------*/
  54:Src/stm32l4xx_hal_msp.c **** /* USER CODE BEGIN ExternalFunctions */
  55:Src/stm32l4xx_hal_msp.c **** 
  56:Src/stm32l4xx_hal_msp.c **** /* USER CODE END ExternalFunctions */
  57:Src/stm32l4xx_hal_msp.c **** 
  58:Src/stm32l4xx_hal_msp.c **** /* USER CODE BEGIN 0 */
  59:Src/stm32l4xx_hal_msp.c **** 
  60:Src/stm32l4xx_hal_msp.c **** /* USER CODE END 0 */
  61:Src/stm32l4xx_hal_msp.c **** /**
  62:Src/stm32l4xx_hal_msp.c ****   * Initializes the Global MSP.
  63:Src/stm32l4xx_hal_msp.c ****   */
  64:Src/stm32l4xx_hal_msp.c **** void HAL_MspInit(void)
  65:Src/stm32l4xx_hal_msp.c **** {
  29              		.loc 1 65 1 view -0
  30              		.cfi_startproc
  31              		@ args = 0, pretend = 0, frame = 8
  32              		@ frame_needed = 0, uses_anonymous_args = 0
  33              		@ link register save eliminated.
  34 0000 82B0     		sub	sp, sp, #8
  35              	.LCFI0:
  36              		.cfi_def_cfa_offset 8
  66:Src/stm32l4xx_hal_msp.c ****   /* USER CODE BEGIN MspInit 0 */
  67:Src/stm32l4xx_hal_msp.c **** 
  68:Src/stm32l4xx_hal_msp.c ****   /* USER CODE END MspInit 0 */
  69:Src/stm32l4xx_hal_msp.c **** 
  70:Src/stm32l4xx_hal_msp.c ****   __HAL_RCC_SYSCFG_CLK_ENABLE();
  37              		.loc 1 70 3 view .LVU1
  38              	.LBB2:
  39              		.loc 1 70 3 view .LVU2
  40              		.loc 1 70 3 view .LVU3
  41 0002 0A4B     		ldr	r3, .L3
  42 0004 1A6E     		ldr	r2, [r3, #96]
  43 0006 42F00102 		orr	r2, r2, #1
  44 000a 1A66     		str	r2, [r3, #96]
  45              		.loc 1 70 3 view .LVU4
ARM GAS  /tmp/ccXK6Eho.s 			page 3


  46 000c 1A6E     		ldr	r2, [r3, #96]
  47 000e 02F00102 		and	r2, r2, #1
  48 0012 0092     		str	r2, [sp]
  49              		.loc 1 70 3 view .LVU5
  50 0014 009A     		ldr	r2, [sp]
  51              	.LBE2:
  52              		.loc 1 70 3 view .LVU6
  71:Src/stm32l4xx_hal_msp.c ****   __HAL_RCC_PWR_CLK_ENABLE();
  53              		.loc 1 71 3 view .LVU7
  54              	.LBB3:
  55              		.loc 1 71 3 view .LVU8
  56              		.loc 1 71 3 view .LVU9
  57 0016 9A6D     		ldr	r2, [r3, #88]
  58 0018 42F08052 		orr	r2, r2, #268435456
  59 001c 9A65     		str	r2, [r3, #88]
  60              		.loc 1 71 3 view .LVU10
  61 001e 9B6D     		ldr	r3, [r3, #88]
  62 0020 03F08053 		and	r3, r3, #268435456
  63 0024 0193     		str	r3, [sp, #4]
  64              		.loc 1 71 3 view .LVU11
  65 0026 019B     		ldr	r3, [sp, #4]
  66              	.LBE3:
  67              		.loc 1 71 3 view .LVU12
  72:Src/stm32l4xx_hal_msp.c **** 
  73:Src/stm32l4xx_hal_msp.c ****   /* System interrupt init*/
  74:Src/stm32l4xx_hal_msp.c **** 
  75:Src/stm32l4xx_hal_msp.c ****   /* USER CODE BEGIN MspInit 1 */
  76:Src/stm32l4xx_hal_msp.c **** 
  77:Src/stm32l4xx_hal_msp.c ****   /* USER CODE END MspInit 1 */
  78:Src/stm32l4xx_hal_msp.c **** }
  68              		.loc 1 78 1 is_stmt 0 view .LVU13
  69 0028 02B0     		add	sp, sp, #8
  70              	.LCFI1:
  71              		.cfi_def_cfa_offset 0
  72              		@ sp needed
  73 002a 7047     		bx	lr
  74              	.L4:
  75              		.align	2
  76              	.L3:
  77 002c 00100240 		.word	1073876992
  78              		.cfi_endproc
  79              	.LFE286:
  81              		.section	.text.HAL_ADC_MspInit,"ax",%progbits
  82              		.align	1
  83              		.global	HAL_ADC_MspInit
  84              		.syntax unified
  85              		.thumb
  86              		.thumb_func
  87              		.fpu fpv4-sp-d16
  89              	HAL_ADC_MspInit:
  90              	.LVL0:
  91              	.LFB287:
  79:Src/stm32l4xx_hal_msp.c **** 
  80:Src/stm32l4xx_hal_msp.c **** /**
  81:Src/stm32l4xx_hal_msp.c **** * @brief ADC MSP Initialization
  82:Src/stm32l4xx_hal_msp.c **** * This function configures the hardware resources used in this example
  83:Src/stm32l4xx_hal_msp.c **** * @param hadc: ADC handle pointer
ARM GAS  /tmp/ccXK6Eho.s 			page 4


  84:Src/stm32l4xx_hal_msp.c **** * @retval None
  85:Src/stm32l4xx_hal_msp.c **** */
  86:Src/stm32l4xx_hal_msp.c **** void HAL_ADC_MspInit(ADC_HandleTypeDef* hadc)
  87:Src/stm32l4xx_hal_msp.c **** {
  92              		.loc 1 87 1 is_stmt 1 view -0
  93              		.cfi_startproc
  94              		@ args = 0, pretend = 0, frame = 32
  95              		@ frame_needed = 0, uses_anonymous_args = 0
  96              		.loc 1 87 1 is_stmt 0 view .LVU15
  97 0000 00B5     		push	{lr}
  98              	.LCFI2:
  99              		.cfi_def_cfa_offset 4
 100              		.cfi_offset 14, -4
 101 0002 89B0     		sub	sp, sp, #36
 102              	.LCFI3:
 103              		.cfi_def_cfa_offset 40
  88:Src/stm32l4xx_hal_msp.c ****   GPIO_InitTypeDef GPIO_InitStruct = {0};
 104              		.loc 1 88 3 is_stmt 1 view .LVU16
 105              		.loc 1 88 20 is_stmt 0 view .LVU17
 106 0004 0023     		movs	r3, #0
 107 0006 0393     		str	r3, [sp, #12]
 108 0008 0493     		str	r3, [sp, #16]
 109 000a 0593     		str	r3, [sp, #20]
 110 000c 0693     		str	r3, [sp, #24]
 111 000e 0793     		str	r3, [sp, #28]
  89:Src/stm32l4xx_hal_msp.c ****   if(hadc->Instance==ADC1)
 112              		.loc 1 89 3 is_stmt 1 view .LVU18
 113              		.loc 1 89 10 is_stmt 0 view .LVU19
 114 0010 0268     		ldr	r2, [r0]
 115              		.loc 1 89 5 view .LVU20
 116 0012 144B     		ldr	r3, .L9
 117 0014 9A42     		cmp	r2, r3
 118 0016 02D0     		beq	.L8
 119              	.LVL1:
 120              	.L5:
  90:Src/stm32l4xx_hal_msp.c ****   {
  91:Src/stm32l4xx_hal_msp.c ****   /* USER CODE BEGIN ADC1_MspInit 0 */
  92:Src/stm32l4xx_hal_msp.c **** 
  93:Src/stm32l4xx_hal_msp.c ****   /* USER CODE END ADC1_MspInit 0 */
  94:Src/stm32l4xx_hal_msp.c ****     /* Peripheral clock enable */
  95:Src/stm32l4xx_hal_msp.c ****     __HAL_RCC_ADC_CLK_ENABLE();
  96:Src/stm32l4xx_hal_msp.c ****   
  97:Src/stm32l4xx_hal_msp.c ****     __HAL_RCC_GPIOA_CLK_ENABLE();
  98:Src/stm32l4xx_hal_msp.c ****     /**ADC1 GPIO Configuration    
  99:Src/stm32l4xx_hal_msp.c ****     PA0     ------> ADC1_IN5 
 100:Src/stm32l4xx_hal_msp.c ****     */
 101:Src/stm32l4xx_hal_msp.c ****     GPIO_InitStruct.Pin = GPIO_PIN_0;
 102:Src/stm32l4xx_hal_msp.c ****     GPIO_InitStruct.Mode = GPIO_MODE_ANALOG_ADC_CONTROL;
 103:Src/stm32l4xx_hal_msp.c ****     GPIO_InitStruct.Pull = GPIO_NOPULL;
 104:Src/stm32l4xx_hal_msp.c ****     HAL_GPIO_Init(GPIOA, &GPIO_InitStruct);
 105:Src/stm32l4xx_hal_msp.c **** 
 106:Src/stm32l4xx_hal_msp.c ****   /* USER CODE BEGIN ADC1_MspInit 1 */
 107:Src/stm32l4xx_hal_msp.c **** 
 108:Src/stm32l4xx_hal_msp.c ****   /* USER CODE END ADC1_MspInit 1 */
 109:Src/stm32l4xx_hal_msp.c ****   }
 110:Src/stm32l4xx_hal_msp.c **** 
 111:Src/stm32l4xx_hal_msp.c **** }
ARM GAS  /tmp/ccXK6Eho.s 			page 5


 121              		.loc 1 111 1 view .LVU21
 122 0018 09B0     		add	sp, sp, #36
 123              	.LCFI4:
 124              		.cfi_remember_state
 125              		.cfi_def_cfa_offset 4
 126              		@ sp needed
 127 001a 5DF804FB 		ldr	pc, [sp], #4
 128              	.LVL2:
 129              	.L8:
 130              	.LCFI5:
 131              		.cfi_restore_state
  95:Src/stm32l4xx_hal_msp.c ****   
 132              		.loc 1 95 5 is_stmt 1 view .LVU22
 133              	.LBB4:
  95:Src/stm32l4xx_hal_msp.c ****   
 134              		.loc 1 95 5 view .LVU23
  95:Src/stm32l4xx_hal_msp.c ****   
 135              		.loc 1 95 5 view .LVU24
 136 001e 03F17043 		add	r3, r3, #-268435456
 137 0022 A3F5F833 		sub	r3, r3, #126976
 138 0026 DA6C     		ldr	r2, [r3, #76]
 139 0028 42F40052 		orr	r2, r2, #8192
 140 002c DA64     		str	r2, [r3, #76]
  95:Src/stm32l4xx_hal_msp.c ****   
 141              		.loc 1 95 5 view .LVU25
 142 002e DA6C     		ldr	r2, [r3, #76]
 143 0030 02F40052 		and	r2, r2, #8192
 144 0034 0192     		str	r2, [sp, #4]
  95:Src/stm32l4xx_hal_msp.c ****   
 145              		.loc 1 95 5 view .LVU26
 146 0036 019A     		ldr	r2, [sp, #4]
 147              	.LBE4:
  95:Src/stm32l4xx_hal_msp.c ****   
 148              		.loc 1 95 5 view .LVU27
  97:Src/stm32l4xx_hal_msp.c ****     /**ADC1 GPIO Configuration    
 149              		.loc 1 97 5 view .LVU28
 150              	.LBB5:
  97:Src/stm32l4xx_hal_msp.c ****     /**ADC1 GPIO Configuration    
 151              		.loc 1 97 5 view .LVU29
  97:Src/stm32l4xx_hal_msp.c ****     /**ADC1 GPIO Configuration    
 152              		.loc 1 97 5 view .LVU30
 153 0038 DA6C     		ldr	r2, [r3, #76]
 154 003a 42F00102 		orr	r2, r2, #1
 155 003e DA64     		str	r2, [r3, #76]
  97:Src/stm32l4xx_hal_msp.c ****     /**ADC1 GPIO Configuration    
 156              		.loc 1 97 5 view .LVU31
 157 0040 DB6C     		ldr	r3, [r3, #76]
 158 0042 03F00103 		and	r3, r3, #1
 159 0046 0293     		str	r3, [sp, #8]
  97:Src/stm32l4xx_hal_msp.c ****     /**ADC1 GPIO Configuration    
 160              		.loc 1 97 5 view .LVU32
 161 0048 029B     		ldr	r3, [sp, #8]
 162              	.LBE5:
  97:Src/stm32l4xx_hal_msp.c ****     /**ADC1 GPIO Configuration    
 163              		.loc 1 97 5 view .LVU33
 101:Src/stm32l4xx_hal_msp.c ****     GPIO_InitStruct.Mode = GPIO_MODE_ANALOG_ADC_CONTROL;
 164              		.loc 1 101 5 view .LVU34
ARM GAS  /tmp/ccXK6Eho.s 			page 6


 101:Src/stm32l4xx_hal_msp.c ****     GPIO_InitStruct.Mode = GPIO_MODE_ANALOG_ADC_CONTROL;
 165              		.loc 1 101 25 is_stmt 0 view .LVU35
 166 004a 0123     		movs	r3, #1
 167 004c 0393     		str	r3, [sp, #12]
 102:Src/stm32l4xx_hal_msp.c ****     GPIO_InitStruct.Pull = GPIO_NOPULL;
 168              		.loc 1 102 5 is_stmt 1 view .LVU36
 102:Src/stm32l4xx_hal_msp.c ****     GPIO_InitStruct.Pull = GPIO_NOPULL;
 169              		.loc 1 102 26 is_stmt 0 view .LVU37
 170 004e 0B23     		movs	r3, #11
 171 0050 0493     		str	r3, [sp, #16]
 103:Src/stm32l4xx_hal_msp.c ****     HAL_GPIO_Init(GPIOA, &GPIO_InitStruct);
 172              		.loc 1 103 5 is_stmt 1 view .LVU38
 103:Src/stm32l4xx_hal_msp.c ****     HAL_GPIO_Init(GPIOA, &GPIO_InitStruct);
 173              		.loc 1 103 26 is_stmt 0 view .LVU39
 174 0052 0023     		movs	r3, #0
 175 0054 0593     		str	r3, [sp, #20]
 104:Src/stm32l4xx_hal_msp.c **** 
 176              		.loc 1 104 5 is_stmt 1 view .LVU40
 177 0056 03A9     		add	r1, sp, #12
 178 0058 4FF09040 		mov	r0, #1207959552
 179              	.LVL3:
 104:Src/stm32l4xx_hal_msp.c **** 
 180              		.loc 1 104 5 is_stmt 0 view .LVU41
 181 005c FFF7FEFF 		bl	HAL_GPIO_Init
 182              	.LVL4:
 183              		.loc 1 111 1 view .LVU42
 184 0060 DAE7     		b	.L5
 185              	.L10:
 186 0062 00BF     		.align	2
 187              	.L9:
 188 0064 00000450 		.word	1342439424
 189              		.cfi_endproc
 190              	.LFE287:
 192              		.section	.text.HAL_ADC_MspDeInit,"ax",%progbits
 193              		.align	1
 194              		.global	HAL_ADC_MspDeInit
 195              		.syntax unified
 196              		.thumb
 197              		.thumb_func
 198              		.fpu fpv4-sp-d16
 200              	HAL_ADC_MspDeInit:
 201              	.LVL5:
 202              	.LFB288:
 112:Src/stm32l4xx_hal_msp.c **** 
 113:Src/stm32l4xx_hal_msp.c **** /**
 114:Src/stm32l4xx_hal_msp.c **** * @brief ADC MSP De-Initialization
 115:Src/stm32l4xx_hal_msp.c **** * This function freeze the hardware resources used in this example
 116:Src/stm32l4xx_hal_msp.c **** * @param hadc: ADC handle pointer
 117:Src/stm32l4xx_hal_msp.c **** * @retval None
 118:Src/stm32l4xx_hal_msp.c **** */
 119:Src/stm32l4xx_hal_msp.c **** void HAL_ADC_MspDeInit(ADC_HandleTypeDef* hadc)
 120:Src/stm32l4xx_hal_msp.c **** {
 203              		.loc 1 120 1 is_stmt 1 view -0
 204              		.cfi_startproc
 205              		@ args = 0, pretend = 0, frame = 0
 206              		@ frame_needed = 0, uses_anonymous_args = 0
 207              		.loc 1 120 1 is_stmt 0 view .LVU44
ARM GAS  /tmp/ccXK6Eho.s 			page 7


 208 0000 08B5     		push	{r3, lr}
 209              	.LCFI6:
 210              		.cfi_def_cfa_offset 8
 211              		.cfi_offset 3, -8
 212              		.cfi_offset 14, -4
 121:Src/stm32l4xx_hal_msp.c ****   if(hadc->Instance==ADC1)
 213              		.loc 1 121 3 is_stmt 1 view .LVU45
 214              		.loc 1 121 10 is_stmt 0 view .LVU46
 215 0002 0268     		ldr	r2, [r0]
 216              		.loc 1 121 5 view .LVU47
 217 0004 074B     		ldr	r3, .L15
 218 0006 9A42     		cmp	r2, r3
 219 0008 00D0     		beq	.L14
 220              	.LVL6:
 221              	.L11:
 122:Src/stm32l4xx_hal_msp.c ****   {
 123:Src/stm32l4xx_hal_msp.c ****   /* USER CODE BEGIN ADC1_MspDeInit 0 */
 124:Src/stm32l4xx_hal_msp.c **** 
 125:Src/stm32l4xx_hal_msp.c ****   /* USER CODE END ADC1_MspDeInit 0 */
 126:Src/stm32l4xx_hal_msp.c ****     /* Peripheral clock disable */
 127:Src/stm32l4xx_hal_msp.c ****     __HAL_RCC_ADC_CLK_DISABLE();
 128:Src/stm32l4xx_hal_msp.c ****   
 129:Src/stm32l4xx_hal_msp.c ****     /**ADC1 GPIO Configuration    
 130:Src/stm32l4xx_hal_msp.c ****     PA0     ------> ADC1_IN5 
 131:Src/stm32l4xx_hal_msp.c ****     */
 132:Src/stm32l4xx_hal_msp.c ****     HAL_GPIO_DeInit(GPIOA, GPIO_PIN_0);
 133:Src/stm32l4xx_hal_msp.c **** 
 134:Src/stm32l4xx_hal_msp.c ****   /* USER CODE BEGIN ADC1_MspDeInit 1 */
 135:Src/stm32l4xx_hal_msp.c **** 
 136:Src/stm32l4xx_hal_msp.c ****   /* USER CODE END ADC1_MspDeInit 1 */
 137:Src/stm32l4xx_hal_msp.c ****   }
 138:Src/stm32l4xx_hal_msp.c **** 
 139:Src/stm32l4xx_hal_msp.c **** }
 222              		.loc 1 139 1 view .LVU48
 223 000a 08BD     		pop	{r3, pc}
 224              	.LVL7:
 225              	.L14:
 127:Src/stm32l4xx_hal_msp.c ****   
 226              		.loc 1 127 5 is_stmt 1 view .LVU49
 227 000c 064A     		ldr	r2, .L15+4
 228 000e D36C     		ldr	r3, [r2, #76]
 229 0010 23F40053 		bic	r3, r3, #8192
 230 0014 D364     		str	r3, [r2, #76]
 132:Src/stm32l4xx_hal_msp.c **** 
 231              		.loc 1 132 5 view .LVU50
 232 0016 0121     		movs	r1, #1
 233 0018 4FF09040 		mov	r0, #1207959552
 234              	.LVL8:
 132:Src/stm32l4xx_hal_msp.c **** 
 235              		.loc 1 132 5 is_stmt 0 view .LVU51
 236 001c FFF7FEFF 		bl	HAL_GPIO_DeInit
 237              	.LVL9:
 238              		.loc 1 139 1 view .LVU52
 239 0020 F3E7     		b	.L11
 240              	.L16:
 241 0022 00BF     		.align	2
 242              	.L15:
ARM GAS  /tmp/ccXK6Eho.s 			page 8


 243 0024 00000450 		.word	1342439424
 244 0028 00100240 		.word	1073876992
 245              		.cfi_endproc
 246              	.LFE288:
 248              		.section	.text.HAL_UART_MspInit,"ax",%progbits
 249              		.align	1
 250              		.global	HAL_UART_MspInit
 251              		.syntax unified
 252              		.thumb
 253              		.thumb_func
 254              		.fpu fpv4-sp-d16
 256              	HAL_UART_MspInit:
 257              	.LVL10:
 258              	.LFB289:
 140:Src/stm32l4xx_hal_msp.c **** 
 141:Src/stm32l4xx_hal_msp.c **** /**
 142:Src/stm32l4xx_hal_msp.c **** * @brief UART MSP Initialization
 143:Src/stm32l4xx_hal_msp.c **** * This function configures the hardware resources used in this example
 144:Src/stm32l4xx_hal_msp.c **** * @param huart: UART handle pointer
 145:Src/stm32l4xx_hal_msp.c **** * @retval None
 146:Src/stm32l4xx_hal_msp.c **** */
 147:Src/stm32l4xx_hal_msp.c **** void HAL_UART_MspInit(UART_HandleTypeDef* huart)
 148:Src/stm32l4xx_hal_msp.c **** {
 259              		.loc 1 148 1 is_stmt 1 view -0
 260              		.cfi_startproc
 261              		@ args = 0, pretend = 0, frame = 32
 262              		@ frame_needed = 0, uses_anonymous_args = 0
 263              		.loc 1 148 1 is_stmt 0 view .LVU54
 264 0000 00B5     		push	{lr}
 265              	.LCFI7:
 266              		.cfi_def_cfa_offset 4
 267              		.cfi_offset 14, -4
 268 0002 89B0     		sub	sp, sp, #36
 269              	.LCFI8:
 270              		.cfi_def_cfa_offset 40
 149:Src/stm32l4xx_hal_msp.c ****   GPIO_InitTypeDef GPIO_InitStruct = {0};
 271              		.loc 1 149 3 is_stmt 1 view .LVU55
 272              		.loc 1 149 20 is_stmt 0 view .LVU56
 273 0004 0023     		movs	r3, #0
 274 0006 0393     		str	r3, [sp, #12]
 275 0008 0493     		str	r3, [sp, #16]
 276 000a 0593     		str	r3, [sp, #20]
 277 000c 0693     		str	r3, [sp, #24]
 278 000e 0793     		str	r3, [sp, #28]
 150:Src/stm32l4xx_hal_msp.c ****   if(huart->Instance==USART2)
 279              		.loc 1 150 3 is_stmt 1 view .LVU57
 280              		.loc 1 150 11 is_stmt 0 view .LVU58
 281 0010 0268     		ldr	r2, [r0]
 282              		.loc 1 150 5 view .LVU59
 283 0012 154B     		ldr	r3, .L21
 284 0014 9A42     		cmp	r2, r3
 285 0016 02D0     		beq	.L20
 286              	.LVL11:
 287              	.L17:
 151:Src/stm32l4xx_hal_msp.c ****   {
 152:Src/stm32l4xx_hal_msp.c ****   /* USER CODE BEGIN USART2_MspInit 0 */
 153:Src/stm32l4xx_hal_msp.c **** 
ARM GAS  /tmp/ccXK6Eho.s 			page 9


 154:Src/stm32l4xx_hal_msp.c ****   /* USER CODE END USART2_MspInit 0 */
 155:Src/stm32l4xx_hal_msp.c ****     /* Peripheral clock enable */
 156:Src/stm32l4xx_hal_msp.c ****     __HAL_RCC_USART2_CLK_ENABLE();
 157:Src/stm32l4xx_hal_msp.c ****   
 158:Src/stm32l4xx_hal_msp.c ****     __HAL_RCC_GPIOA_CLK_ENABLE();
 159:Src/stm32l4xx_hal_msp.c ****     /**USART2 GPIO Configuration    
 160:Src/stm32l4xx_hal_msp.c ****     PA2     ------> USART2_TX
 161:Src/stm32l4xx_hal_msp.c ****     PA3     ------> USART2_RX 
 162:Src/stm32l4xx_hal_msp.c ****     */
 163:Src/stm32l4xx_hal_msp.c ****     GPIO_InitStruct.Pin = GPIO_PIN_2|GPIO_PIN_3;
 164:Src/stm32l4xx_hal_msp.c ****     GPIO_InitStruct.Mode = GPIO_MODE_AF_PP;
 165:Src/stm32l4xx_hal_msp.c ****     GPIO_InitStruct.Pull = GPIO_NOPULL;
 166:Src/stm32l4xx_hal_msp.c ****     GPIO_InitStruct.Speed = GPIO_SPEED_FREQ_VERY_HIGH;
 167:Src/stm32l4xx_hal_msp.c ****     GPIO_InitStruct.Alternate = GPIO_AF7_USART2;
 168:Src/stm32l4xx_hal_msp.c ****     HAL_GPIO_Init(GPIOA, &GPIO_InitStruct);
 169:Src/stm32l4xx_hal_msp.c **** 
 170:Src/stm32l4xx_hal_msp.c ****   /* USER CODE BEGIN USART2_MspInit 1 */
 171:Src/stm32l4xx_hal_msp.c **** 
 172:Src/stm32l4xx_hal_msp.c ****   /* USER CODE END USART2_MspInit 1 */
 173:Src/stm32l4xx_hal_msp.c ****   }
 174:Src/stm32l4xx_hal_msp.c **** 
 175:Src/stm32l4xx_hal_msp.c **** }
 288              		.loc 1 175 1 view .LVU60
 289 0018 09B0     		add	sp, sp, #36
 290              	.LCFI9:
 291              		.cfi_remember_state
 292              		.cfi_def_cfa_offset 4
 293              		@ sp needed
 294 001a 5DF804FB 		ldr	pc, [sp], #4
 295              	.LVL12:
 296              	.L20:
 297              	.LCFI10:
 298              		.cfi_restore_state
 156:Src/stm32l4xx_hal_msp.c ****   
 299              		.loc 1 156 5 is_stmt 1 view .LVU61
 300              	.LBB6:
 156:Src/stm32l4xx_hal_msp.c ****   
 301              		.loc 1 156 5 view .LVU62
 156:Src/stm32l4xx_hal_msp.c ****   
 302              		.loc 1 156 5 view .LVU63
 303 001e 03F5E633 		add	r3, r3, #117760
 304 0022 9A6D     		ldr	r2, [r3, #88]
 305 0024 42F40032 		orr	r2, r2, #131072
 306 0028 9A65     		str	r2, [r3, #88]
 156:Src/stm32l4xx_hal_msp.c ****   
 307              		.loc 1 156 5 view .LVU64
 308 002a 9A6D     		ldr	r2, [r3, #88]
 309 002c 02F40032 		and	r2, r2, #131072
 310 0030 0192     		str	r2, [sp, #4]
 156:Src/stm32l4xx_hal_msp.c ****   
 311              		.loc 1 156 5 view .LVU65
 312 0032 019A     		ldr	r2, [sp, #4]
 313              	.LBE6:
 156:Src/stm32l4xx_hal_msp.c ****   
 314              		.loc 1 156 5 view .LVU66
 158:Src/stm32l4xx_hal_msp.c ****     /**USART2 GPIO Configuration    
 315              		.loc 1 158 5 view .LVU67
ARM GAS  /tmp/ccXK6Eho.s 			page 10


 316              	.LBB7:
 158:Src/stm32l4xx_hal_msp.c ****     /**USART2 GPIO Configuration    
 317              		.loc 1 158 5 view .LVU68
 158:Src/stm32l4xx_hal_msp.c ****     /**USART2 GPIO Configuration    
 318              		.loc 1 158 5 view .LVU69
 319 0034 DA6C     		ldr	r2, [r3, #76]
 320 0036 42F00102 		orr	r2, r2, #1
 321 003a DA64     		str	r2, [r3, #76]
 158:Src/stm32l4xx_hal_msp.c ****     /**USART2 GPIO Configuration    
 322              		.loc 1 158 5 view .LVU70
 323 003c DB6C     		ldr	r3, [r3, #76]
 324 003e 03F00103 		and	r3, r3, #1
 325 0042 0293     		str	r3, [sp, #8]
 158:Src/stm32l4xx_hal_msp.c ****     /**USART2 GPIO Configuration    
 326              		.loc 1 158 5 view .LVU71
 327 0044 029B     		ldr	r3, [sp, #8]
 328              	.LBE7:
 158:Src/stm32l4xx_hal_msp.c ****     /**USART2 GPIO Configuration    
 329              		.loc 1 158 5 view .LVU72
 163:Src/stm32l4xx_hal_msp.c ****     GPIO_InitStruct.Mode = GPIO_MODE_AF_PP;
 330              		.loc 1 163 5 view .LVU73
 163:Src/stm32l4xx_hal_msp.c ****     GPIO_InitStruct.Mode = GPIO_MODE_AF_PP;
 331              		.loc 1 163 25 is_stmt 0 view .LVU74
 332 0046 0C23     		movs	r3, #12
 333 0048 0393     		str	r3, [sp, #12]
 164:Src/stm32l4xx_hal_msp.c ****     GPIO_InitStruct.Pull = GPIO_NOPULL;
 334              		.loc 1 164 5 is_stmt 1 view .LVU75
 164:Src/stm32l4xx_hal_msp.c ****     GPIO_InitStruct.Pull = GPIO_NOPULL;
 335              		.loc 1 164 26 is_stmt 0 view .LVU76
 336 004a 0223     		movs	r3, #2
 337 004c 0493     		str	r3, [sp, #16]
 165:Src/stm32l4xx_hal_msp.c ****     GPIO_InitStruct.Speed = GPIO_SPEED_FREQ_VERY_HIGH;
 338              		.loc 1 165 5 is_stmt 1 view .LVU77
 165:Src/stm32l4xx_hal_msp.c ****     GPIO_InitStruct.Speed = GPIO_SPEED_FREQ_VERY_HIGH;
 339              		.loc 1 165 26 is_stmt 0 view .LVU78
 340 004e 0023     		movs	r3, #0
 341 0050 0593     		str	r3, [sp, #20]
 166:Src/stm32l4xx_hal_msp.c ****     GPIO_InitStruct.Alternate = GPIO_AF7_USART2;
 342              		.loc 1 166 5 is_stmt 1 view .LVU79
 166:Src/stm32l4xx_hal_msp.c ****     GPIO_InitStruct.Alternate = GPIO_AF7_USART2;
 343              		.loc 1 166 27 is_stmt 0 view .LVU80
 344 0052 0323     		movs	r3, #3
 345 0054 0693     		str	r3, [sp, #24]
 167:Src/stm32l4xx_hal_msp.c ****     HAL_GPIO_Init(GPIOA, &GPIO_InitStruct);
 346              		.loc 1 167 5 is_stmt 1 view .LVU81
 167:Src/stm32l4xx_hal_msp.c ****     HAL_GPIO_Init(GPIOA, &GPIO_InitStruct);
 347              		.loc 1 167 31 is_stmt 0 view .LVU82
 348 0056 0723     		movs	r3, #7
 349 0058 0793     		str	r3, [sp, #28]
 168:Src/stm32l4xx_hal_msp.c **** 
 350              		.loc 1 168 5 is_stmt 1 view .LVU83
 351 005a 03A9     		add	r1, sp, #12
 352 005c 4FF09040 		mov	r0, #1207959552
 353              	.LVL13:
 168:Src/stm32l4xx_hal_msp.c **** 
 354              		.loc 1 168 5 is_stmt 0 view .LVU84
 355 0060 FFF7FEFF 		bl	HAL_GPIO_Init
ARM GAS  /tmp/ccXK6Eho.s 			page 11


 356              	.LVL14:
 357              		.loc 1 175 1 view .LVU85
 358 0064 D8E7     		b	.L17
 359              	.L22:
 360 0066 00BF     		.align	2
 361              	.L21:
 362 0068 00440040 		.word	1073759232
 363              		.cfi_endproc
 364              	.LFE289:
 366              		.section	.text.HAL_UART_MspDeInit,"ax",%progbits
 367              		.align	1
 368              		.global	HAL_UART_MspDeInit
 369              		.syntax unified
 370              		.thumb
 371              		.thumb_func
 372              		.fpu fpv4-sp-d16
 374              	HAL_UART_MspDeInit:
 375              	.LVL15:
 376              	.LFB290:
 176:Src/stm32l4xx_hal_msp.c **** 
 177:Src/stm32l4xx_hal_msp.c **** /**
 178:Src/stm32l4xx_hal_msp.c **** * @brief UART MSP De-Initialization
 179:Src/stm32l4xx_hal_msp.c **** * This function freeze the hardware resources used in this example
 180:Src/stm32l4xx_hal_msp.c **** * @param huart: UART handle pointer
 181:Src/stm32l4xx_hal_msp.c **** * @retval None
 182:Src/stm32l4xx_hal_msp.c **** */
 183:Src/stm32l4xx_hal_msp.c **** void HAL_UART_MspDeInit(UART_HandleTypeDef* huart)
 184:Src/stm32l4xx_hal_msp.c **** {
 377              		.loc 1 184 1 is_stmt 1 view -0
 378              		.cfi_startproc
 379              		@ args = 0, pretend = 0, frame = 0
 380              		@ frame_needed = 0, uses_anonymous_args = 0
 381              		.loc 1 184 1 is_stmt 0 view .LVU87
 382 0000 08B5     		push	{r3, lr}
 383              	.LCFI11:
 384              		.cfi_def_cfa_offset 8
 385              		.cfi_offset 3, -8
 386              		.cfi_offset 14, -4
 185:Src/stm32l4xx_hal_msp.c ****   if(huart->Instance==USART2)
 387              		.loc 1 185 3 is_stmt 1 view .LVU88
 388              		.loc 1 185 11 is_stmt 0 view .LVU89
 389 0002 0268     		ldr	r2, [r0]
 390              		.loc 1 185 5 view .LVU90
 391 0004 074B     		ldr	r3, .L27
 392 0006 9A42     		cmp	r2, r3
 393 0008 00D0     		beq	.L26
 394              	.LVL16:
 395              	.L23:
 186:Src/stm32l4xx_hal_msp.c ****   {
 187:Src/stm32l4xx_hal_msp.c ****   /* USER CODE BEGIN USART2_MspDeInit 0 */
 188:Src/stm32l4xx_hal_msp.c **** 
 189:Src/stm32l4xx_hal_msp.c ****   /* USER CODE END USART2_MspDeInit 0 */
 190:Src/stm32l4xx_hal_msp.c ****     /* Peripheral clock disable */
 191:Src/stm32l4xx_hal_msp.c ****     __HAL_RCC_USART2_CLK_DISABLE();
 192:Src/stm32l4xx_hal_msp.c ****   
 193:Src/stm32l4xx_hal_msp.c ****     /**USART2 GPIO Configuration    
 194:Src/stm32l4xx_hal_msp.c ****     PA2     ------> USART2_TX
ARM GAS  /tmp/ccXK6Eho.s 			page 12


 195:Src/stm32l4xx_hal_msp.c ****     PA3     ------> USART2_RX 
 196:Src/stm32l4xx_hal_msp.c ****     */
 197:Src/stm32l4xx_hal_msp.c ****     HAL_GPIO_DeInit(GPIOA, GPIO_PIN_2|GPIO_PIN_3);
 198:Src/stm32l4xx_hal_msp.c **** 
 199:Src/stm32l4xx_hal_msp.c ****   /* USER CODE BEGIN USART2_MspDeInit 1 */
 200:Src/stm32l4xx_hal_msp.c **** 
 201:Src/stm32l4xx_hal_msp.c ****   /* USER CODE END USART2_MspDeInit 1 */
 202:Src/stm32l4xx_hal_msp.c ****   }
 203:Src/stm32l4xx_hal_msp.c **** 
 204:Src/stm32l4xx_hal_msp.c **** }
 396              		.loc 1 204 1 view .LVU91
 397 000a 08BD     		pop	{r3, pc}
 398              	.LVL17:
 399              	.L26:
 191:Src/stm32l4xx_hal_msp.c ****   
 400              		.loc 1 191 5 is_stmt 1 view .LVU92
 401 000c 064A     		ldr	r2, .L27+4
 402 000e 936D     		ldr	r3, [r2, #88]
 403 0010 23F40033 		bic	r3, r3, #131072
 404 0014 9365     		str	r3, [r2, #88]
 197:Src/stm32l4xx_hal_msp.c **** 
 405              		.loc 1 197 5 view .LVU93
 406 0016 0C21     		movs	r1, #12
 407 0018 4FF09040 		mov	r0, #1207959552
 408              	.LVL18:
 197:Src/stm32l4xx_hal_msp.c **** 
 409              		.loc 1 197 5 is_stmt 0 view .LVU94
 410 001c FFF7FEFF 		bl	HAL_GPIO_DeInit
 411              	.LVL19:
 412              		.loc 1 204 1 view .LVU95
 413 0020 F3E7     		b	.L23
 414              	.L28:
 415 0022 00BF     		.align	2
 416              	.L27:
 417 0024 00440040 		.word	1073759232
 418 0028 00100240 		.word	1073876992
 419              		.cfi_endproc
 420              	.LFE290:
 422              		.text
 423              	.Letext0:
 424              		.file 2 "/usr/lib/gcc/arm-none-eabi/9.2.1/include/stdint.h"
 425              		.file 3 "Drivers/CMSIS/Include/core_cm4.h"
 426              		.file 4 "Drivers/CMSIS/Device/ST/STM32L4xx/Include/system_stm32l4xx.h"
 427              		.file 5 "Drivers/CMSIS/Device/ST/STM32L4xx/Include/stm32l432xx.h"
 428              		.file 6 "Drivers/CMSIS/Device/ST/STM32L4xx/Include/stm32l4xx.h"
 429              		.file 7 "Drivers/STM32L4xx_HAL_Driver/Inc/stm32l4xx_hal_def.h"
 430              		.file 8 "Drivers/STM32L4xx_HAL_Driver/Inc/stm32l4xx_hal_gpio.h"
 431              		.file 9 "Drivers/STM32L4xx_HAL_Driver/Inc/stm32l4xx_hal_dma.h"
 432              		.file 10 "Drivers/STM32L4xx_HAL_Driver/Inc/stm32l4xx_hal_adc.h"
 433              		.file 11 "Drivers/STM32L4xx_HAL_Driver/Inc/stm32l4xx_hal_flash.h"
 434              		.file 12 "Drivers/STM32L4xx_HAL_Driver/Inc/stm32l4xx_hal_uart.h"
 435              		.file 13 "Drivers/STM32L4xx_HAL_Driver/Inc/stm32l4xx_hal.h"
ARM GAS  /tmp/ccXK6Eho.s 			page 13


DEFINED SYMBOLS
                            *ABS*:0000000000000000 stm32l4xx_hal_msp.c
     /tmp/ccXK6Eho.s:18     .text.HAL_MspInit:0000000000000000 $t
     /tmp/ccXK6Eho.s:26     .text.HAL_MspInit:0000000000000000 HAL_MspInit
     /tmp/ccXK6Eho.s:77     .text.HAL_MspInit:000000000000002c $d
     /tmp/ccXK6Eho.s:82     .text.HAL_ADC_MspInit:0000000000000000 $t
     /tmp/ccXK6Eho.s:89     .text.HAL_ADC_MspInit:0000000000000000 HAL_ADC_MspInit
     /tmp/ccXK6Eho.s:188    .text.HAL_ADC_MspInit:0000000000000064 $d
     /tmp/ccXK6Eho.s:193    .text.HAL_ADC_MspDeInit:0000000000000000 $t
     /tmp/ccXK6Eho.s:200    .text.HAL_ADC_MspDeInit:0000000000000000 HAL_ADC_MspDeInit
     /tmp/ccXK6Eho.s:243    .text.HAL_ADC_MspDeInit:0000000000000024 $d
     /tmp/ccXK6Eho.s:249    .text.HAL_UART_MspInit:0000000000000000 $t
     /tmp/ccXK6Eho.s:256    .text.HAL_UART_MspInit:0000000000000000 HAL_UART_MspInit
     /tmp/ccXK6Eho.s:362    .text.HAL_UART_MspInit:0000000000000068 $d
     /tmp/ccXK6Eho.s:367    .text.HAL_UART_MspDeInit:0000000000000000 $t
     /tmp/ccXK6Eho.s:374    .text.HAL_UART_MspDeInit:0000000000000000 HAL_UART_MspDeInit
     /tmp/ccXK6Eho.s:417    .text.HAL_UART_MspDeInit:0000000000000024 $d

UNDEFINED SYMBOLS
HAL_GPIO_Init
HAL_GPIO_DeInit
