ARM GAS  /tmp/ccH9FVrM.s 			page 1


   1              		.cpu cortex-m4
   2              		.eabi_attribute 27, 1
   3              		.eabi_attribute 28, 1
   4              		.eabi_attribute 20, 1
   5              		.eabi_attribute 21, 1
   6              		.eabi_attribute 23, 3
   7              		.eabi_attribute 24, 1
   8              		.eabi_attribute 25, 1
   9              		.eabi_attribute 26, 1
  10              		.eabi_attribute 30, 1
  11              		.eabi_attribute 34, 1
  12              		.eabi_attribute 18, 4
  13              		.file	"stm32l4xx_hal_msp.c"
  14              		.text
  15              	.Ltext0:
  16              		.cfi_sections	.debug_frame
  17              		.section	.text.HAL_MspInit,"ax",%progbits
  18              		.align	1
  19              		.global	HAL_MspInit
  20              		.arch armv7e-m
  21              		.syntax unified
  22              		.thumb
  23              		.thumb_func
  24              		.fpu fpv4-sp-d16
  26              	HAL_MspInit:
  27              	.LFB130:
  28              		.file 1 "Src/stm32l4xx_hal_msp.c"
   1:Src/stm32l4xx_hal_msp.c **** /* USER CODE BEGIN Header */
   2:Src/stm32l4xx_hal_msp.c **** /**
   3:Src/stm32l4xx_hal_msp.c ****   ******************************************************************************
   4:Src/stm32l4xx_hal_msp.c ****   * File Name          : stm32l4xx_hal_msp.c
   5:Src/stm32l4xx_hal_msp.c ****   * Description        : This file provides code for the MSP Initialization 
   6:Src/stm32l4xx_hal_msp.c ****   *                      and de-Initialization codes.
   7:Src/stm32l4xx_hal_msp.c ****   ******************************************************************************
   8:Src/stm32l4xx_hal_msp.c ****   * @attention
   9:Src/stm32l4xx_hal_msp.c ****   *
  10:Src/stm32l4xx_hal_msp.c ****   * <h2><center>&copy; Copyright (c) 2021 STMicroelectronics.
  11:Src/stm32l4xx_hal_msp.c ****   * All rights reserved.</center></h2>
  12:Src/stm32l4xx_hal_msp.c ****   *
  13:Src/stm32l4xx_hal_msp.c ****   * This software component is licensed by ST under BSD 3-Clause license,
  14:Src/stm32l4xx_hal_msp.c ****   * the "License"; You may not use this file except in compliance with the
  15:Src/stm32l4xx_hal_msp.c ****   * License. You may obtain a copy of the License at:
  16:Src/stm32l4xx_hal_msp.c ****   *                        opensource.org/licenses/BSD-3-Clause
  17:Src/stm32l4xx_hal_msp.c ****   *
  18:Src/stm32l4xx_hal_msp.c ****   ******************************************************************************
  19:Src/stm32l4xx_hal_msp.c ****   */
  20:Src/stm32l4xx_hal_msp.c **** /* USER CODE END Header */
  21:Src/stm32l4xx_hal_msp.c **** 
  22:Src/stm32l4xx_hal_msp.c **** /* Includes ------------------------------------------------------------------*/
  23:Src/stm32l4xx_hal_msp.c **** #include "main.h"
  24:Src/stm32l4xx_hal_msp.c **** /* USER CODE BEGIN Includes */
  25:Src/stm32l4xx_hal_msp.c **** 
  26:Src/stm32l4xx_hal_msp.c **** /* USER CODE END Includes */
  27:Src/stm32l4xx_hal_msp.c **** 
  28:Src/stm32l4xx_hal_msp.c **** /* Private typedef -----------------------------------------------------------*/
  29:Src/stm32l4xx_hal_msp.c **** /* USER CODE BEGIN TD */
  30:Src/stm32l4xx_hal_msp.c **** 
ARM GAS  /tmp/ccH9FVrM.s 			page 2


  31:Src/stm32l4xx_hal_msp.c **** /* USER CODE END TD */
  32:Src/stm32l4xx_hal_msp.c **** 
  33:Src/stm32l4xx_hal_msp.c **** /* Private define ------------------------------------------------------------*/
  34:Src/stm32l4xx_hal_msp.c **** /* USER CODE BEGIN Define */
  35:Src/stm32l4xx_hal_msp.c ****  
  36:Src/stm32l4xx_hal_msp.c **** /* USER CODE END Define */
  37:Src/stm32l4xx_hal_msp.c **** 
  38:Src/stm32l4xx_hal_msp.c **** /* Private macro -------------------------------------------------------------*/
  39:Src/stm32l4xx_hal_msp.c **** /* USER CODE BEGIN Macro */
  40:Src/stm32l4xx_hal_msp.c **** 
  41:Src/stm32l4xx_hal_msp.c **** /* USER CODE END Macro */
  42:Src/stm32l4xx_hal_msp.c **** 
  43:Src/stm32l4xx_hal_msp.c **** /* Private variables ---------------------------------------------------------*/
  44:Src/stm32l4xx_hal_msp.c **** /* USER CODE BEGIN PV */
  45:Src/stm32l4xx_hal_msp.c **** 
  46:Src/stm32l4xx_hal_msp.c **** /* USER CODE END PV */
  47:Src/stm32l4xx_hal_msp.c **** 
  48:Src/stm32l4xx_hal_msp.c **** /* Private function prototypes -----------------------------------------------*/
  49:Src/stm32l4xx_hal_msp.c **** /* USER CODE BEGIN PFP */
  50:Src/stm32l4xx_hal_msp.c **** 
  51:Src/stm32l4xx_hal_msp.c **** /* USER CODE END PFP */
  52:Src/stm32l4xx_hal_msp.c **** 
  53:Src/stm32l4xx_hal_msp.c **** /* External functions --------------------------------------------------------*/
  54:Src/stm32l4xx_hal_msp.c **** /* USER CODE BEGIN ExternalFunctions */
  55:Src/stm32l4xx_hal_msp.c **** 
  56:Src/stm32l4xx_hal_msp.c **** /* USER CODE END ExternalFunctions */
  57:Src/stm32l4xx_hal_msp.c **** 
  58:Src/stm32l4xx_hal_msp.c **** /* USER CODE BEGIN 0 */
  59:Src/stm32l4xx_hal_msp.c **** 
  60:Src/stm32l4xx_hal_msp.c **** /* USER CODE END 0 */
  61:Src/stm32l4xx_hal_msp.c ****                         
  62:Src/stm32l4xx_hal_msp.c **** void HAL_TIM_MspPostInit(TIM_HandleTypeDef *htim);
  63:Src/stm32l4xx_hal_msp.c ****                     /**
  64:Src/stm32l4xx_hal_msp.c ****   * Initializes the Global MSP.
  65:Src/stm32l4xx_hal_msp.c ****   */
  66:Src/stm32l4xx_hal_msp.c **** void HAL_MspInit(void)
  67:Src/stm32l4xx_hal_msp.c **** {
  29              		.loc 1 67 1 view -0
  30              		.cfi_startproc
  31              		@ args = 0, pretend = 0, frame = 8
  32              		@ frame_needed = 0, uses_anonymous_args = 0
  33              		@ link register save eliminated.
  34 0000 82B0     		sub	sp, sp, #8
  35              	.LCFI0:
  36              		.cfi_def_cfa_offset 8
  68:Src/stm32l4xx_hal_msp.c ****   /* USER CODE BEGIN MspInit 0 */
  69:Src/stm32l4xx_hal_msp.c **** 
  70:Src/stm32l4xx_hal_msp.c ****   /* USER CODE END MspInit 0 */
  71:Src/stm32l4xx_hal_msp.c **** 
  72:Src/stm32l4xx_hal_msp.c ****   __HAL_RCC_SYSCFG_CLK_ENABLE();
  37              		.loc 1 72 3 view .LVU1
  38              	.LBB2:
  39              		.loc 1 72 3 view .LVU2
  40              		.loc 1 72 3 view .LVU3
  41 0002 0A4B     		ldr	r3, .L3
  42 0004 1A6E     		ldr	r2, [r3, #96]
  43 0006 42F00102 		orr	r2, r2, #1
ARM GAS  /tmp/ccH9FVrM.s 			page 3


  44 000a 1A66     		str	r2, [r3, #96]
  45              		.loc 1 72 3 view .LVU4
  46 000c 1A6E     		ldr	r2, [r3, #96]
  47 000e 02F00102 		and	r2, r2, #1
  48 0012 0092     		str	r2, [sp]
  49              		.loc 1 72 3 view .LVU5
  50 0014 009A     		ldr	r2, [sp]
  51              	.LBE2:
  52              		.loc 1 72 3 view .LVU6
  73:Src/stm32l4xx_hal_msp.c ****   __HAL_RCC_PWR_CLK_ENABLE();
  53              		.loc 1 73 3 view .LVU7
  54              	.LBB3:
  55              		.loc 1 73 3 view .LVU8
  56              		.loc 1 73 3 view .LVU9
  57 0016 9A6D     		ldr	r2, [r3, #88]
  58 0018 42F08052 		orr	r2, r2, #268435456
  59 001c 9A65     		str	r2, [r3, #88]
  60              		.loc 1 73 3 view .LVU10
  61 001e 9B6D     		ldr	r3, [r3, #88]
  62 0020 03F08053 		and	r3, r3, #268435456
  63 0024 0193     		str	r3, [sp, #4]
  64              		.loc 1 73 3 view .LVU11
  65 0026 019B     		ldr	r3, [sp, #4]
  66              	.LBE3:
  67              		.loc 1 73 3 view .LVU12
  74:Src/stm32l4xx_hal_msp.c **** 
  75:Src/stm32l4xx_hal_msp.c ****   /* System interrupt init*/
  76:Src/stm32l4xx_hal_msp.c **** 
  77:Src/stm32l4xx_hal_msp.c ****   /* USER CODE BEGIN MspInit 1 */
  78:Src/stm32l4xx_hal_msp.c **** 
  79:Src/stm32l4xx_hal_msp.c ****   /* USER CODE END MspInit 1 */
  80:Src/stm32l4xx_hal_msp.c **** }
  68              		.loc 1 80 1 is_stmt 0 view .LVU13
  69 0028 02B0     		add	sp, sp, #8
  70              	.LCFI1:
  71              		.cfi_def_cfa_offset 0
  72              		@ sp needed
  73 002a 7047     		bx	lr
  74              	.L4:
  75              		.align	2
  76              	.L3:
  77 002c 00100240 		.word	1073876992
  78              		.cfi_endproc
  79              	.LFE130:
  81              		.section	.text.HAL_TIM_PWM_MspInit,"ax",%progbits
  82              		.align	1
  83              		.global	HAL_TIM_PWM_MspInit
  84              		.syntax unified
  85              		.thumb
  86              		.thumb_func
  87              		.fpu fpv4-sp-d16
  89              	HAL_TIM_PWM_MspInit:
  90              	.LVL0:
  91              	.LFB131:
  81:Src/stm32l4xx_hal_msp.c **** 
  82:Src/stm32l4xx_hal_msp.c **** /**
  83:Src/stm32l4xx_hal_msp.c **** * @brief TIM_PWM MSP Initialization
ARM GAS  /tmp/ccH9FVrM.s 			page 4


  84:Src/stm32l4xx_hal_msp.c **** * This function configures the hardware resources used in this example
  85:Src/stm32l4xx_hal_msp.c **** * @param htim_pwm: TIM_PWM handle pointer
  86:Src/stm32l4xx_hal_msp.c **** * @retval None
  87:Src/stm32l4xx_hal_msp.c **** */
  88:Src/stm32l4xx_hal_msp.c **** void HAL_TIM_PWM_MspInit(TIM_HandleTypeDef* htim_pwm)
  89:Src/stm32l4xx_hal_msp.c **** {
  92              		.loc 1 89 1 is_stmt 1 view -0
  93              		.cfi_startproc
  94              		@ args = 0, pretend = 0, frame = 8
  95              		@ frame_needed = 0, uses_anonymous_args = 0
  96              		@ link register save eliminated.
  90:Src/stm32l4xx_hal_msp.c ****   if(htim_pwm->Instance==TIM2)
  97              		.loc 1 90 3 view .LVU15
  98              		.loc 1 90 14 is_stmt 0 view .LVU16
  99 0000 0368     		ldr	r3, [r0]
 100              		.loc 1 90 5 view .LVU17
 101 0002 B3F1804F 		cmp	r3, #1073741824
 102 0006 00D0     		beq	.L11
 103 0008 7047     		bx	lr
 104              	.L11:
  89:Src/stm32l4xx_hal_msp.c ****   if(htim_pwm->Instance==TIM2)
 105              		.loc 1 89 1 view .LVU18
 106 000a 82B0     		sub	sp, sp, #8
 107              	.LCFI2:
 108              		.cfi_def_cfa_offset 8
  91:Src/stm32l4xx_hal_msp.c ****   {
  92:Src/stm32l4xx_hal_msp.c ****   /* USER CODE BEGIN TIM2_MspInit 0 */
  93:Src/stm32l4xx_hal_msp.c **** 
  94:Src/stm32l4xx_hal_msp.c ****   /* USER CODE END TIM2_MspInit 0 */
  95:Src/stm32l4xx_hal_msp.c ****     /* Peripheral clock enable */
  96:Src/stm32l4xx_hal_msp.c ****     __HAL_RCC_TIM2_CLK_ENABLE();
 109              		.loc 1 96 5 is_stmt 1 view .LVU19
 110              	.LBB4:
 111              		.loc 1 96 5 view .LVU20
 112              		.loc 1 96 5 view .LVU21
 113 000c 03F50433 		add	r3, r3, #135168
 114 0010 9A6D     		ldr	r2, [r3, #88]
 115 0012 42F00102 		orr	r2, r2, #1
 116 0016 9A65     		str	r2, [r3, #88]
 117              		.loc 1 96 5 view .LVU22
 118 0018 9B6D     		ldr	r3, [r3, #88]
 119 001a 03F00103 		and	r3, r3, #1
 120 001e 0193     		str	r3, [sp, #4]
 121              		.loc 1 96 5 view .LVU23
 122 0020 019B     		ldr	r3, [sp, #4]
 123              	.LBE4:
 124              		.loc 1 96 5 view .LVU24
  97:Src/stm32l4xx_hal_msp.c ****   /* USER CODE BEGIN TIM2_MspInit 1 */
  98:Src/stm32l4xx_hal_msp.c **** 
  99:Src/stm32l4xx_hal_msp.c ****   /* USER CODE END TIM2_MspInit 1 */
 100:Src/stm32l4xx_hal_msp.c ****   }
 101:Src/stm32l4xx_hal_msp.c **** 
 102:Src/stm32l4xx_hal_msp.c **** }
 125              		.loc 1 102 1 is_stmt 0 view .LVU25
 126 0022 02B0     		add	sp, sp, #8
 127              	.LCFI3:
 128              		.cfi_def_cfa_offset 0
ARM GAS  /tmp/ccH9FVrM.s 			page 5


 129              		@ sp needed
 130 0024 7047     		bx	lr
 131              		.cfi_endproc
 132              	.LFE131:
 134              		.section	.text.HAL_TIM_MspPostInit,"ax",%progbits
 135              		.align	1
 136              		.global	HAL_TIM_MspPostInit
 137              		.syntax unified
 138              		.thumb
 139              		.thumb_func
 140              		.fpu fpv4-sp-d16
 142              	HAL_TIM_MspPostInit:
 143              	.LVL1:
 144              	.LFB132:
 103:Src/stm32l4xx_hal_msp.c **** 
 104:Src/stm32l4xx_hal_msp.c **** void HAL_TIM_MspPostInit(TIM_HandleTypeDef* htim)
 105:Src/stm32l4xx_hal_msp.c **** {
 145              		.loc 1 105 1 is_stmt 1 view -0
 146              		.cfi_startproc
 147              		@ args = 0, pretend = 0, frame = 24
 148              		@ frame_needed = 0, uses_anonymous_args = 0
 149              		.loc 1 105 1 is_stmt 0 view .LVU27
 150 0000 00B5     		push	{lr}
 151              	.LCFI4:
 152              		.cfi_def_cfa_offset 4
 153              		.cfi_offset 14, -4
 154 0002 87B0     		sub	sp, sp, #28
 155              	.LCFI5:
 156              		.cfi_def_cfa_offset 32
 106:Src/stm32l4xx_hal_msp.c ****   GPIO_InitTypeDef GPIO_InitStruct = {0};
 157              		.loc 1 106 3 is_stmt 1 view .LVU28
 158              		.loc 1 106 20 is_stmt 0 view .LVU29
 159 0004 0023     		movs	r3, #0
 160 0006 0193     		str	r3, [sp, #4]
 161 0008 0293     		str	r3, [sp, #8]
 162 000a 0393     		str	r3, [sp, #12]
 163 000c 0493     		str	r3, [sp, #16]
 164 000e 0593     		str	r3, [sp, #20]
 107:Src/stm32l4xx_hal_msp.c ****   if(htim->Instance==TIM2)
 165              		.loc 1 107 3 is_stmt 1 view .LVU30
 166              		.loc 1 107 10 is_stmt 0 view .LVU31
 167 0010 0368     		ldr	r3, [r0]
 168              		.loc 1 107 5 view .LVU32
 169 0012 B3F1804F 		cmp	r3, #1073741824
 170 0016 02D0     		beq	.L15
 171              	.LVL2:
 172              	.L12:
 108:Src/stm32l4xx_hal_msp.c ****   {
 109:Src/stm32l4xx_hal_msp.c ****   /* USER CODE BEGIN TIM2_MspPostInit 0 */
 110:Src/stm32l4xx_hal_msp.c **** 
 111:Src/stm32l4xx_hal_msp.c ****   /* USER CODE END TIM2_MspPostInit 0 */
 112:Src/stm32l4xx_hal_msp.c ****   
 113:Src/stm32l4xx_hal_msp.c ****     __HAL_RCC_GPIOA_CLK_ENABLE();
 114:Src/stm32l4xx_hal_msp.c ****     /**TIM2 GPIO Configuration    
 115:Src/stm32l4xx_hal_msp.c ****     PA1     ------> TIM2_CH2 
 116:Src/stm32l4xx_hal_msp.c ****     */
 117:Src/stm32l4xx_hal_msp.c ****     GPIO_InitStruct.Pin = GPIO_PIN_1;
ARM GAS  /tmp/ccH9FVrM.s 			page 6


 118:Src/stm32l4xx_hal_msp.c ****     GPIO_InitStruct.Mode = GPIO_MODE_AF_PP;
 119:Src/stm32l4xx_hal_msp.c ****     GPIO_InitStruct.Pull = GPIO_NOPULL;
 120:Src/stm32l4xx_hal_msp.c ****     GPIO_InitStruct.Speed = GPIO_SPEED_FREQ_LOW;
 121:Src/stm32l4xx_hal_msp.c ****     GPIO_InitStruct.Alternate = GPIO_AF1_TIM2;
 122:Src/stm32l4xx_hal_msp.c ****     HAL_GPIO_Init(GPIOA, &GPIO_InitStruct);
 123:Src/stm32l4xx_hal_msp.c **** 
 124:Src/stm32l4xx_hal_msp.c ****   /* USER CODE BEGIN TIM2_MspPostInit 1 */
 125:Src/stm32l4xx_hal_msp.c **** 
 126:Src/stm32l4xx_hal_msp.c ****   /* USER CODE END TIM2_MspPostInit 1 */
 127:Src/stm32l4xx_hal_msp.c ****   }
 128:Src/stm32l4xx_hal_msp.c **** 
 129:Src/stm32l4xx_hal_msp.c **** }
 173              		.loc 1 129 1 view .LVU33
 174 0018 07B0     		add	sp, sp, #28
 175              	.LCFI6:
 176              		.cfi_remember_state
 177              		.cfi_def_cfa_offset 4
 178              		@ sp needed
 179 001a 5DF804FB 		ldr	pc, [sp], #4
 180              	.LVL3:
 181              	.L15:
 182              	.LCFI7:
 183              		.cfi_restore_state
 113:Src/stm32l4xx_hal_msp.c ****     /**TIM2 GPIO Configuration    
 184              		.loc 1 113 5 is_stmt 1 view .LVU34
 185              	.LBB5:
 113:Src/stm32l4xx_hal_msp.c ****     /**TIM2 GPIO Configuration    
 186              		.loc 1 113 5 view .LVU35
 113:Src/stm32l4xx_hal_msp.c ****     /**TIM2 GPIO Configuration    
 187              		.loc 1 113 5 view .LVU36
 188 001e 03F50433 		add	r3, r3, #135168
 189 0022 DA6C     		ldr	r2, [r3, #76]
 190 0024 42F00102 		orr	r2, r2, #1
 191 0028 DA64     		str	r2, [r3, #76]
 113:Src/stm32l4xx_hal_msp.c ****     /**TIM2 GPIO Configuration    
 192              		.loc 1 113 5 view .LVU37
 193 002a DB6C     		ldr	r3, [r3, #76]
 194 002c 03F00103 		and	r3, r3, #1
 195 0030 0093     		str	r3, [sp]
 113:Src/stm32l4xx_hal_msp.c ****     /**TIM2 GPIO Configuration    
 196              		.loc 1 113 5 view .LVU38
 197 0032 009B     		ldr	r3, [sp]
 198              	.LBE5:
 113:Src/stm32l4xx_hal_msp.c ****     /**TIM2 GPIO Configuration    
 199              		.loc 1 113 5 view .LVU39
 117:Src/stm32l4xx_hal_msp.c ****     GPIO_InitStruct.Mode = GPIO_MODE_AF_PP;
 200              		.loc 1 117 5 view .LVU40
 117:Src/stm32l4xx_hal_msp.c ****     GPIO_InitStruct.Mode = GPIO_MODE_AF_PP;
 201              		.loc 1 117 25 is_stmt 0 view .LVU41
 202 0034 0223     		movs	r3, #2
 203 0036 0193     		str	r3, [sp, #4]
 118:Src/stm32l4xx_hal_msp.c ****     GPIO_InitStruct.Pull = GPIO_NOPULL;
 204              		.loc 1 118 5 is_stmt 1 view .LVU42
 118:Src/stm32l4xx_hal_msp.c ****     GPIO_InitStruct.Pull = GPIO_NOPULL;
 205              		.loc 1 118 26 is_stmt 0 view .LVU43
 206 0038 0293     		str	r3, [sp, #8]
 119:Src/stm32l4xx_hal_msp.c ****     GPIO_InitStruct.Speed = GPIO_SPEED_FREQ_LOW;
ARM GAS  /tmp/ccH9FVrM.s 			page 7


 207              		.loc 1 119 5 is_stmt 1 view .LVU44
 119:Src/stm32l4xx_hal_msp.c ****     GPIO_InitStruct.Speed = GPIO_SPEED_FREQ_LOW;
 208              		.loc 1 119 26 is_stmt 0 view .LVU45
 209 003a 0023     		movs	r3, #0
 210 003c 0393     		str	r3, [sp, #12]
 120:Src/stm32l4xx_hal_msp.c ****     GPIO_InitStruct.Alternate = GPIO_AF1_TIM2;
 211              		.loc 1 120 5 is_stmt 1 view .LVU46
 120:Src/stm32l4xx_hal_msp.c ****     GPIO_InitStruct.Alternate = GPIO_AF1_TIM2;
 212              		.loc 1 120 27 is_stmt 0 view .LVU47
 213 003e 0493     		str	r3, [sp, #16]
 121:Src/stm32l4xx_hal_msp.c ****     HAL_GPIO_Init(GPIOA, &GPIO_InitStruct);
 214              		.loc 1 121 5 is_stmt 1 view .LVU48
 121:Src/stm32l4xx_hal_msp.c ****     HAL_GPIO_Init(GPIOA, &GPIO_InitStruct);
 215              		.loc 1 121 31 is_stmt 0 view .LVU49
 216 0040 0123     		movs	r3, #1
 217 0042 0593     		str	r3, [sp, #20]
 122:Src/stm32l4xx_hal_msp.c **** 
 218              		.loc 1 122 5 is_stmt 1 view .LVU50
 219 0044 01A9     		add	r1, sp, #4
 220 0046 4FF09040 		mov	r0, #1207959552
 221              	.LVL4:
 122:Src/stm32l4xx_hal_msp.c **** 
 222              		.loc 1 122 5 is_stmt 0 view .LVU51
 223 004a FFF7FEFF 		bl	HAL_GPIO_Init
 224              	.LVL5:
 225              		.loc 1 129 1 view .LVU52
 226 004e E3E7     		b	.L12
 227              		.cfi_endproc
 228              	.LFE132:
 230              		.section	.text.HAL_TIM_PWM_MspDeInit,"ax",%progbits
 231              		.align	1
 232              		.global	HAL_TIM_PWM_MspDeInit
 233              		.syntax unified
 234              		.thumb
 235              		.thumb_func
 236              		.fpu fpv4-sp-d16
 238              	HAL_TIM_PWM_MspDeInit:
 239              	.LVL6:
 240              	.LFB133:
 130:Src/stm32l4xx_hal_msp.c **** /**
 131:Src/stm32l4xx_hal_msp.c **** * @brief TIM_PWM MSP De-Initialization
 132:Src/stm32l4xx_hal_msp.c **** * This function freeze the hardware resources used in this example
 133:Src/stm32l4xx_hal_msp.c **** * @param htim_pwm: TIM_PWM handle pointer
 134:Src/stm32l4xx_hal_msp.c **** * @retval None
 135:Src/stm32l4xx_hal_msp.c **** */
 136:Src/stm32l4xx_hal_msp.c **** void HAL_TIM_PWM_MspDeInit(TIM_HandleTypeDef* htim_pwm)
 137:Src/stm32l4xx_hal_msp.c **** {
 241              		.loc 1 137 1 is_stmt 1 view -0
 242              		.cfi_startproc
 243              		@ args = 0, pretend = 0, frame = 0
 244              		@ frame_needed = 0, uses_anonymous_args = 0
 245              		@ link register save eliminated.
 138:Src/stm32l4xx_hal_msp.c ****   if(htim_pwm->Instance==TIM2)
 246              		.loc 1 138 3 view .LVU54
 247              		.loc 1 138 14 is_stmt 0 view .LVU55
 248 0000 0368     		ldr	r3, [r0]
 249              		.loc 1 138 5 view .LVU56
ARM GAS  /tmp/ccH9FVrM.s 			page 8


 250 0002 B3F1804F 		cmp	r3, #1073741824
 251 0006 00D0     		beq	.L18
 252              	.L16:
 139:Src/stm32l4xx_hal_msp.c ****   {
 140:Src/stm32l4xx_hal_msp.c ****   /* USER CODE BEGIN TIM2_MspDeInit 0 */
 141:Src/stm32l4xx_hal_msp.c **** 
 142:Src/stm32l4xx_hal_msp.c ****   /* USER CODE END TIM2_MspDeInit 0 */
 143:Src/stm32l4xx_hal_msp.c ****     /* Peripheral clock disable */
 144:Src/stm32l4xx_hal_msp.c ****     __HAL_RCC_TIM2_CLK_DISABLE();
 145:Src/stm32l4xx_hal_msp.c ****   /* USER CODE BEGIN TIM2_MspDeInit 1 */
 146:Src/stm32l4xx_hal_msp.c **** 
 147:Src/stm32l4xx_hal_msp.c ****   /* USER CODE END TIM2_MspDeInit 1 */
 148:Src/stm32l4xx_hal_msp.c ****   }
 149:Src/stm32l4xx_hal_msp.c **** 
 150:Src/stm32l4xx_hal_msp.c **** }
 253              		.loc 1 150 1 view .LVU57
 254 0008 7047     		bx	lr
 255              	.L18:
 144:Src/stm32l4xx_hal_msp.c ****   /* USER CODE BEGIN TIM2_MspDeInit 1 */
 256              		.loc 1 144 5 is_stmt 1 view .LVU58
 257 000a 034A     		ldr	r2, .L19
 258 000c 936D     		ldr	r3, [r2, #88]
 259 000e 23F00103 		bic	r3, r3, #1
 260 0012 9365     		str	r3, [r2, #88]
 261              		.loc 1 150 1 is_stmt 0 view .LVU59
 262 0014 F8E7     		b	.L16
 263              	.L20:
 264 0016 00BF     		.align	2
 265              	.L19:
 266 0018 00100240 		.word	1073876992
 267              		.cfi_endproc
 268              	.LFE133:
 270              		.section	.text.HAL_UART_MspInit,"ax",%progbits
 271              		.align	1
 272              		.global	HAL_UART_MspInit
 273              		.syntax unified
 274              		.thumb
 275              		.thumb_func
 276              		.fpu fpv4-sp-d16
 278              	HAL_UART_MspInit:
 279              	.LVL7:
 280              	.LFB134:
 151:Src/stm32l4xx_hal_msp.c **** 
 152:Src/stm32l4xx_hal_msp.c **** /**
 153:Src/stm32l4xx_hal_msp.c **** * @brief UART MSP Initialization
 154:Src/stm32l4xx_hal_msp.c **** * This function configures the hardware resources used in this example
 155:Src/stm32l4xx_hal_msp.c **** * @param huart: UART handle pointer
 156:Src/stm32l4xx_hal_msp.c **** * @retval None
 157:Src/stm32l4xx_hal_msp.c **** */
 158:Src/stm32l4xx_hal_msp.c **** void HAL_UART_MspInit(UART_HandleTypeDef* huart)
 159:Src/stm32l4xx_hal_msp.c **** {
 281              		.loc 1 159 1 is_stmt 1 view -0
 282              		.cfi_startproc
 283              		@ args = 0, pretend = 0, frame = 32
 284              		@ frame_needed = 0, uses_anonymous_args = 0
 285              		.loc 1 159 1 is_stmt 0 view .LVU61
 286 0000 70B5     		push	{r4, r5, r6, lr}
ARM GAS  /tmp/ccH9FVrM.s 			page 9


 287              	.LCFI8:
 288              		.cfi_def_cfa_offset 16
 289              		.cfi_offset 4, -16
 290              		.cfi_offset 5, -12
 291              		.cfi_offset 6, -8
 292              		.cfi_offset 14, -4
 293 0002 88B0     		sub	sp, sp, #32
 294              	.LCFI9:
 295              		.cfi_def_cfa_offset 48
 160:Src/stm32l4xx_hal_msp.c ****   GPIO_InitTypeDef GPIO_InitStruct = {0};
 296              		.loc 1 160 3 is_stmt 1 view .LVU62
 297              		.loc 1 160 20 is_stmt 0 view .LVU63
 298 0004 0023     		movs	r3, #0
 299 0006 0393     		str	r3, [sp, #12]
 300 0008 0493     		str	r3, [sp, #16]
 301 000a 0593     		str	r3, [sp, #20]
 302 000c 0693     		str	r3, [sp, #24]
 303 000e 0793     		str	r3, [sp, #28]
 161:Src/stm32l4xx_hal_msp.c ****   if(huart->Instance==USART2)
 304              		.loc 1 161 3 is_stmt 1 view .LVU64
 305              		.loc 1 161 11 is_stmt 0 view .LVU65
 306 0010 0268     		ldr	r2, [r0]
 307              		.loc 1 161 5 view .LVU66
 308 0012 1A4B     		ldr	r3, .L25
 309 0014 9A42     		cmp	r2, r3
 310 0016 01D0     		beq	.L24
 311              	.LVL8:
 312              	.L21:
 162:Src/stm32l4xx_hal_msp.c ****   {
 163:Src/stm32l4xx_hal_msp.c ****   /* USER CODE BEGIN USART2_MspInit 0 */
 164:Src/stm32l4xx_hal_msp.c **** 
 165:Src/stm32l4xx_hal_msp.c ****   /* USER CODE END USART2_MspInit 0 */
 166:Src/stm32l4xx_hal_msp.c ****     /* Peripheral clock enable */
 167:Src/stm32l4xx_hal_msp.c ****     __HAL_RCC_USART2_CLK_ENABLE();
 168:Src/stm32l4xx_hal_msp.c ****   
 169:Src/stm32l4xx_hal_msp.c ****     __HAL_RCC_GPIOA_CLK_ENABLE();
 170:Src/stm32l4xx_hal_msp.c ****     /**USART2 GPIO Configuration    
 171:Src/stm32l4xx_hal_msp.c ****     PA2     ------> USART2_TX
 172:Src/stm32l4xx_hal_msp.c ****     PA15 (JTDI)     ------> USART2_RX 
 173:Src/stm32l4xx_hal_msp.c ****     */
 174:Src/stm32l4xx_hal_msp.c ****     GPIO_InitStruct.Pin = VCP_TX_Pin;
 175:Src/stm32l4xx_hal_msp.c ****     GPIO_InitStruct.Mode = GPIO_MODE_AF_PP;
 176:Src/stm32l4xx_hal_msp.c ****     GPIO_InitStruct.Pull = GPIO_NOPULL;
 177:Src/stm32l4xx_hal_msp.c ****     GPIO_InitStruct.Speed = GPIO_SPEED_FREQ_VERY_HIGH;
 178:Src/stm32l4xx_hal_msp.c ****     GPIO_InitStruct.Alternate = GPIO_AF7_USART2;
 179:Src/stm32l4xx_hal_msp.c ****     HAL_GPIO_Init(VCP_TX_GPIO_Port, &GPIO_InitStruct);
 180:Src/stm32l4xx_hal_msp.c **** 
 181:Src/stm32l4xx_hal_msp.c ****     GPIO_InitStruct.Pin = VCP_RX_Pin;
 182:Src/stm32l4xx_hal_msp.c ****     GPIO_InitStruct.Mode = GPIO_MODE_AF_PP;
 183:Src/stm32l4xx_hal_msp.c ****     GPIO_InitStruct.Pull = GPIO_NOPULL;
 184:Src/stm32l4xx_hal_msp.c ****     GPIO_InitStruct.Speed = GPIO_SPEED_FREQ_VERY_HIGH;
 185:Src/stm32l4xx_hal_msp.c ****     GPIO_InitStruct.Alternate = GPIO_AF3_USART2;
 186:Src/stm32l4xx_hal_msp.c ****     HAL_GPIO_Init(VCP_RX_GPIO_Port, &GPIO_InitStruct);
 187:Src/stm32l4xx_hal_msp.c **** 
 188:Src/stm32l4xx_hal_msp.c ****   /* USER CODE BEGIN USART2_MspInit 1 */
 189:Src/stm32l4xx_hal_msp.c **** 
 190:Src/stm32l4xx_hal_msp.c ****   /* USER CODE END USART2_MspInit 1 */
ARM GAS  /tmp/ccH9FVrM.s 			page 10


 191:Src/stm32l4xx_hal_msp.c ****   }
 192:Src/stm32l4xx_hal_msp.c **** 
 193:Src/stm32l4xx_hal_msp.c **** }
 313              		.loc 1 193 1 view .LVU67
 314 0018 08B0     		add	sp, sp, #32
 315              	.LCFI10:
 316              		.cfi_remember_state
 317              		.cfi_def_cfa_offset 16
 318              		@ sp needed
 319 001a 70BD     		pop	{r4, r5, r6, pc}
 320              	.LVL9:
 321              	.L24:
 322              	.LCFI11:
 323              		.cfi_restore_state
 167:Src/stm32l4xx_hal_msp.c ****   
 324              		.loc 1 167 5 is_stmt 1 view .LVU68
 325              	.LBB6:
 167:Src/stm32l4xx_hal_msp.c ****   
 326              		.loc 1 167 5 view .LVU69
 167:Src/stm32l4xx_hal_msp.c ****   
 327              		.loc 1 167 5 view .LVU70
 328 001c 03F5E633 		add	r3, r3, #117760
 329 0020 9A6D     		ldr	r2, [r3, #88]
 330 0022 42F40032 		orr	r2, r2, #131072
 331 0026 9A65     		str	r2, [r3, #88]
 167:Src/stm32l4xx_hal_msp.c ****   
 332              		.loc 1 167 5 view .LVU71
 333 0028 9A6D     		ldr	r2, [r3, #88]
 334 002a 02F40032 		and	r2, r2, #131072
 335 002e 0192     		str	r2, [sp, #4]
 167:Src/stm32l4xx_hal_msp.c ****   
 336              		.loc 1 167 5 view .LVU72
 337 0030 019A     		ldr	r2, [sp, #4]
 338              	.LBE6:
 167:Src/stm32l4xx_hal_msp.c ****   
 339              		.loc 1 167 5 view .LVU73
 169:Src/stm32l4xx_hal_msp.c ****     /**USART2 GPIO Configuration    
 340              		.loc 1 169 5 view .LVU74
 341              	.LBB7:
 169:Src/stm32l4xx_hal_msp.c ****     /**USART2 GPIO Configuration    
 342              		.loc 1 169 5 view .LVU75
 169:Src/stm32l4xx_hal_msp.c ****     /**USART2 GPIO Configuration    
 343              		.loc 1 169 5 view .LVU76
 344 0032 DA6C     		ldr	r2, [r3, #76]
 345 0034 42F00102 		orr	r2, r2, #1
 346 0038 DA64     		str	r2, [r3, #76]
 169:Src/stm32l4xx_hal_msp.c ****     /**USART2 GPIO Configuration    
 347              		.loc 1 169 5 view .LVU77
 348 003a DB6C     		ldr	r3, [r3, #76]
 349 003c 03F00103 		and	r3, r3, #1
 350 0040 0293     		str	r3, [sp, #8]
 169:Src/stm32l4xx_hal_msp.c ****     /**USART2 GPIO Configuration    
 351              		.loc 1 169 5 view .LVU78
 352 0042 029B     		ldr	r3, [sp, #8]
 353              	.LBE7:
 169:Src/stm32l4xx_hal_msp.c ****     /**USART2 GPIO Configuration    
 354              		.loc 1 169 5 view .LVU79
ARM GAS  /tmp/ccH9FVrM.s 			page 11


 174:Src/stm32l4xx_hal_msp.c ****     GPIO_InitStruct.Mode = GPIO_MODE_AF_PP;
 355              		.loc 1 174 5 view .LVU80
 174:Src/stm32l4xx_hal_msp.c ****     GPIO_InitStruct.Mode = GPIO_MODE_AF_PP;
 356              		.loc 1 174 25 is_stmt 0 view .LVU81
 357 0044 0423     		movs	r3, #4
 358 0046 0393     		str	r3, [sp, #12]
 175:Src/stm32l4xx_hal_msp.c ****     GPIO_InitStruct.Pull = GPIO_NOPULL;
 359              		.loc 1 175 5 is_stmt 1 view .LVU82
 175:Src/stm32l4xx_hal_msp.c ****     GPIO_InitStruct.Pull = GPIO_NOPULL;
 360              		.loc 1 175 26 is_stmt 0 view .LVU83
 361 0048 0226     		movs	r6, #2
 362 004a 0496     		str	r6, [sp, #16]
 176:Src/stm32l4xx_hal_msp.c ****     GPIO_InitStruct.Speed = GPIO_SPEED_FREQ_VERY_HIGH;
 363              		.loc 1 176 5 is_stmt 1 view .LVU84
 176:Src/stm32l4xx_hal_msp.c ****     GPIO_InitStruct.Speed = GPIO_SPEED_FREQ_VERY_HIGH;
 364              		.loc 1 176 26 is_stmt 0 view .LVU85
 365 004c 0025     		movs	r5, #0
 366 004e 0595     		str	r5, [sp, #20]
 177:Src/stm32l4xx_hal_msp.c ****     GPIO_InitStruct.Alternate = GPIO_AF7_USART2;
 367              		.loc 1 177 5 is_stmt 1 view .LVU86
 177:Src/stm32l4xx_hal_msp.c ****     GPIO_InitStruct.Alternate = GPIO_AF7_USART2;
 368              		.loc 1 177 27 is_stmt 0 view .LVU87
 369 0050 0324     		movs	r4, #3
 370 0052 0694     		str	r4, [sp, #24]
 178:Src/stm32l4xx_hal_msp.c ****     HAL_GPIO_Init(VCP_TX_GPIO_Port, &GPIO_InitStruct);
 371              		.loc 1 178 5 is_stmt 1 view .LVU88
 178:Src/stm32l4xx_hal_msp.c ****     HAL_GPIO_Init(VCP_TX_GPIO_Port, &GPIO_InitStruct);
 372              		.loc 1 178 31 is_stmt 0 view .LVU89
 373 0054 0723     		movs	r3, #7
 374 0056 0793     		str	r3, [sp, #28]
 179:Src/stm32l4xx_hal_msp.c **** 
 375              		.loc 1 179 5 is_stmt 1 view .LVU90
 376 0058 03A9     		add	r1, sp, #12
 377 005a 4FF09040 		mov	r0, #1207959552
 378              	.LVL10:
 179:Src/stm32l4xx_hal_msp.c **** 
 379              		.loc 1 179 5 is_stmt 0 view .LVU91
 380 005e FFF7FEFF 		bl	HAL_GPIO_Init
 381              	.LVL11:
 181:Src/stm32l4xx_hal_msp.c ****     GPIO_InitStruct.Mode = GPIO_MODE_AF_PP;
 382              		.loc 1 181 5 is_stmt 1 view .LVU92
 181:Src/stm32l4xx_hal_msp.c ****     GPIO_InitStruct.Mode = GPIO_MODE_AF_PP;
 383              		.loc 1 181 25 is_stmt 0 view .LVU93
 384 0062 4FF40043 		mov	r3, #32768
 385 0066 0393     		str	r3, [sp, #12]
 182:Src/stm32l4xx_hal_msp.c ****     GPIO_InitStruct.Pull = GPIO_NOPULL;
 386              		.loc 1 182 5 is_stmt 1 view .LVU94
 182:Src/stm32l4xx_hal_msp.c ****     GPIO_InitStruct.Pull = GPIO_NOPULL;
 387              		.loc 1 182 26 is_stmt 0 view .LVU95
 388 0068 0496     		str	r6, [sp, #16]
 183:Src/stm32l4xx_hal_msp.c ****     GPIO_InitStruct.Speed = GPIO_SPEED_FREQ_VERY_HIGH;
 389              		.loc 1 183 5 is_stmt 1 view .LVU96
 183:Src/stm32l4xx_hal_msp.c ****     GPIO_InitStruct.Speed = GPIO_SPEED_FREQ_VERY_HIGH;
 390              		.loc 1 183 26 is_stmt 0 view .LVU97
 391 006a 0595     		str	r5, [sp, #20]
 184:Src/stm32l4xx_hal_msp.c ****     GPIO_InitStruct.Alternate = GPIO_AF3_USART2;
 392              		.loc 1 184 5 is_stmt 1 view .LVU98
ARM GAS  /tmp/ccH9FVrM.s 			page 12


 184:Src/stm32l4xx_hal_msp.c ****     GPIO_InitStruct.Alternate = GPIO_AF3_USART2;
 393              		.loc 1 184 27 is_stmt 0 view .LVU99
 394 006c 0694     		str	r4, [sp, #24]
 185:Src/stm32l4xx_hal_msp.c ****     HAL_GPIO_Init(VCP_RX_GPIO_Port, &GPIO_InitStruct);
 395              		.loc 1 185 5 is_stmt 1 view .LVU100
 185:Src/stm32l4xx_hal_msp.c ****     HAL_GPIO_Init(VCP_RX_GPIO_Port, &GPIO_InitStruct);
 396              		.loc 1 185 31 is_stmt 0 view .LVU101
 397 006e 0794     		str	r4, [sp, #28]
 186:Src/stm32l4xx_hal_msp.c **** 
 398              		.loc 1 186 5 is_stmt 1 view .LVU102
 399 0070 03A9     		add	r1, sp, #12
 400 0072 4FF09040 		mov	r0, #1207959552
 401 0076 FFF7FEFF 		bl	HAL_GPIO_Init
 402              	.LVL12:
 403              		.loc 1 193 1 is_stmt 0 view .LVU103
 404 007a CDE7     		b	.L21
 405              	.L26:
 406              		.align	2
 407              	.L25:
 408 007c 00440040 		.word	1073759232
 409              		.cfi_endproc
 410              	.LFE134:
 412              		.section	.text.HAL_UART_MspDeInit,"ax",%progbits
 413              		.align	1
 414              		.global	HAL_UART_MspDeInit
 415              		.syntax unified
 416              		.thumb
 417              		.thumb_func
 418              		.fpu fpv4-sp-d16
 420              	HAL_UART_MspDeInit:
 421              	.LVL13:
 422              	.LFB135:
 194:Src/stm32l4xx_hal_msp.c **** 
 195:Src/stm32l4xx_hal_msp.c **** /**
 196:Src/stm32l4xx_hal_msp.c **** * @brief UART MSP De-Initialization
 197:Src/stm32l4xx_hal_msp.c **** * This function freeze the hardware resources used in this example
 198:Src/stm32l4xx_hal_msp.c **** * @param huart: UART handle pointer
 199:Src/stm32l4xx_hal_msp.c **** * @retval None
 200:Src/stm32l4xx_hal_msp.c **** */
 201:Src/stm32l4xx_hal_msp.c **** void HAL_UART_MspDeInit(UART_HandleTypeDef* huart)
 202:Src/stm32l4xx_hal_msp.c **** {
 423              		.loc 1 202 1 is_stmt 1 view -0
 424              		.cfi_startproc
 425              		@ args = 0, pretend = 0, frame = 0
 426              		@ frame_needed = 0, uses_anonymous_args = 0
 427              		.loc 1 202 1 is_stmt 0 view .LVU105
 428 0000 08B5     		push	{r3, lr}
 429              	.LCFI12:
 430              		.cfi_def_cfa_offset 8
 431              		.cfi_offset 3, -8
 432              		.cfi_offset 14, -4
 203:Src/stm32l4xx_hal_msp.c ****   if(huart->Instance==USART2)
 433              		.loc 1 203 3 is_stmt 1 view .LVU106
 434              		.loc 1 203 11 is_stmt 0 view .LVU107
 435 0002 0268     		ldr	r2, [r0]
 436              		.loc 1 203 5 view .LVU108
 437 0004 074B     		ldr	r3, .L31
ARM GAS  /tmp/ccH9FVrM.s 			page 13


 438 0006 9A42     		cmp	r2, r3
 439 0008 00D0     		beq	.L30
 440              	.LVL14:
 441              	.L27:
 204:Src/stm32l4xx_hal_msp.c ****   {
 205:Src/stm32l4xx_hal_msp.c ****   /* USER CODE BEGIN USART2_MspDeInit 0 */
 206:Src/stm32l4xx_hal_msp.c **** 
 207:Src/stm32l4xx_hal_msp.c ****   /* USER CODE END USART2_MspDeInit 0 */
 208:Src/stm32l4xx_hal_msp.c ****     /* Peripheral clock disable */
 209:Src/stm32l4xx_hal_msp.c ****     __HAL_RCC_USART2_CLK_DISABLE();
 210:Src/stm32l4xx_hal_msp.c ****   
 211:Src/stm32l4xx_hal_msp.c ****     /**USART2 GPIO Configuration    
 212:Src/stm32l4xx_hal_msp.c ****     PA2     ------> USART2_TX
 213:Src/stm32l4xx_hal_msp.c ****     PA15 (JTDI)     ------> USART2_RX 
 214:Src/stm32l4xx_hal_msp.c ****     */
 215:Src/stm32l4xx_hal_msp.c ****     HAL_GPIO_DeInit(GPIOA, VCP_TX_Pin|VCP_RX_Pin);
 216:Src/stm32l4xx_hal_msp.c **** 
 217:Src/stm32l4xx_hal_msp.c ****   /* USER CODE BEGIN USART2_MspDeInit 1 */
 218:Src/stm32l4xx_hal_msp.c **** 
 219:Src/stm32l4xx_hal_msp.c ****   /* USER CODE END USART2_MspDeInit 1 */
 220:Src/stm32l4xx_hal_msp.c ****   }
 221:Src/stm32l4xx_hal_msp.c **** 
 222:Src/stm32l4xx_hal_msp.c **** }
 442              		.loc 1 222 1 view .LVU109
 443 000a 08BD     		pop	{r3, pc}
 444              	.LVL15:
 445              	.L30:
 209:Src/stm32l4xx_hal_msp.c ****   
 446              		.loc 1 209 5 is_stmt 1 view .LVU110
 447 000c 064A     		ldr	r2, .L31+4
 448 000e 936D     		ldr	r3, [r2, #88]
 449 0010 23F40033 		bic	r3, r3, #131072
 450 0014 9365     		str	r3, [r2, #88]
 215:Src/stm32l4xx_hal_msp.c **** 
 451              		.loc 1 215 5 view .LVU111
 452 0016 48F20401 		movw	r1, #32772
 453 001a 4FF09040 		mov	r0, #1207959552
 454              	.LVL16:
 215:Src/stm32l4xx_hal_msp.c **** 
 455              		.loc 1 215 5 is_stmt 0 view .LVU112
 456 001e FFF7FEFF 		bl	HAL_GPIO_DeInit
 457              	.LVL17:
 458              		.loc 1 222 1 view .LVU113
 459 0022 F2E7     		b	.L27
 460              	.L32:
 461              		.align	2
 462              	.L31:
 463 0024 00440040 		.word	1073759232
 464 0028 00100240 		.word	1073876992
 465              		.cfi_endproc
 466              	.LFE135:
 468              		.text
 469              	.Letext0:
 470              		.file 2 "/usr/lib/gcc/arm-none-eabi/9.2.1/include/stdint.h"
 471              		.file 3 "Drivers/CMSIS/Include/core_cm4.h"
 472              		.file 4 "Drivers/CMSIS/Device/ST/STM32L4xx/Include/system_stm32l4xx.h"
 473              		.file 5 "Drivers/CMSIS/Device/ST/STM32L4xx/Include/stm32l432xx.h"
ARM GAS  /tmp/ccH9FVrM.s 			page 14


 474              		.file 6 "Drivers/STM32L4xx_HAL_Driver/Inc/stm32l4xx_hal_def.h"
 475              		.file 7 "Drivers/STM32L4xx_HAL_Driver/Inc/stm32l4xx_hal_gpio.h"
 476              		.file 8 "Drivers/STM32L4xx_HAL_Driver/Inc/stm32l4xx_hal_dma.h"
 477              		.file 9 "Drivers/STM32L4xx_HAL_Driver/Inc/stm32l4xx_hal_flash.h"
 478              		.file 10 "Drivers/STM32L4xx_HAL_Driver/Inc/stm32l4xx_hal_tim.h"
 479              		.file 11 "Drivers/STM32L4xx_HAL_Driver/Inc/stm32l4xx_hal_uart.h"
 480              		.file 12 "Drivers/STM32L4xx_HAL_Driver/Inc/stm32l4xx_hal.h"
ARM GAS  /tmp/ccH9FVrM.s 			page 15


DEFINED SYMBOLS
                            *ABS*:0000000000000000 stm32l4xx_hal_msp.c
     /tmp/ccH9FVrM.s:18     .text.HAL_MspInit:0000000000000000 $t
     /tmp/ccH9FVrM.s:26     .text.HAL_MspInit:0000000000000000 HAL_MspInit
     /tmp/ccH9FVrM.s:77     .text.HAL_MspInit:000000000000002c $d
     /tmp/ccH9FVrM.s:82     .text.HAL_TIM_PWM_MspInit:0000000000000000 $t
     /tmp/ccH9FVrM.s:89     .text.HAL_TIM_PWM_MspInit:0000000000000000 HAL_TIM_PWM_MspInit
     /tmp/ccH9FVrM.s:135    .text.HAL_TIM_MspPostInit:0000000000000000 $t
     /tmp/ccH9FVrM.s:142    .text.HAL_TIM_MspPostInit:0000000000000000 HAL_TIM_MspPostInit
     /tmp/ccH9FVrM.s:231    .text.HAL_TIM_PWM_MspDeInit:0000000000000000 $t
     /tmp/ccH9FVrM.s:238    .text.HAL_TIM_PWM_MspDeInit:0000000000000000 HAL_TIM_PWM_MspDeInit
     /tmp/ccH9FVrM.s:266    .text.HAL_TIM_PWM_MspDeInit:0000000000000018 $d
     /tmp/ccH9FVrM.s:271    .text.HAL_UART_MspInit:0000000000000000 $t
     /tmp/ccH9FVrM.s:278    .text.HAL_UART_MspInit:0000000000000000 HAL_UART_MspInit
     /tmp/ccH9FVrM.s:408    .text.HAL_UART_MspInit:000000000000007c $d
     /tmp/ccH9FVrM.s:413    .text.HAL_UART_MspDeInit:0000000000000000 $t
     /tmp/ccH9FVrM.s:420    .text.HAL_UART_MspDeInit:0000000000000000 HAL_UART_MspDeInit
     /tmp/ccH9FVrM.s:463    .text.HAL_UART_MspDeInit:0000000000000024 $d

UNDEFINED SYMBOLS
HAL_GPIO_Init
HAL_GPIO_DeInit
